#
# There is insufficient memory for the Java Runtime Environment to continue.
# Native memory allocation (malloc) failed to allocate 32744 bytes. Error detail: Chunk::new
# Possible reasons:
#   The system is out of physical RAM or swap space
#   This process is running with CompressedOops enabled, and the Java Heap may be blocking the growth of the native heap
# Possible solutions:
#   Reduce memory load on the system
#   Increase physical memory or swap space
#   Check if swap backing store is full
#   Decrease Java heap size (-Xmx/-Xms)
#   Decrease number of Java threads
#   Decrease Java thread stack sizes (-Xss)
#   Set larger code cache with -XX:ReservedCodeCacheSize=
#   JVM is running with Unscaled Compressed Oops mode in which the Java heap is
#     placed in the first 4GB address space. The Java Heap base address is the
#     maximum limit for the native heap growth. Please use -XX:HeapBaseMinAddress
#     to set the Java Heap base and to place the Java Heap above 4GB virtual address.
# This output file may be truncated or incomplete.
#
#  Out of Memory Error (arena.cpp:162), pid=10640, tid=32596
#
# JRE version: Java(TM) SE Runtime Environment (24.0+36) (build 24+36-3646)
# Java VM: Java HotSpot(TM) 64-Bit Server VM (24+36-3646, mixed mode, sharing, tiered, compressed oops, compressed class ptrs, g1 gc, windows-amd64)
# No core dump will be written. Minidumps are not enabled by default on client versions of Windows
#

---------------  S U M M A R Y ------------

Command Line: -Dclassworlds.conf=C:\Users\Clarissa\Downloads\Maven\apache\bin\m2.conf -Dmaven.home=C:\Users\Clarissa\Downloads\Maven\apache -Dlibrary.jansi.path=C:\Users\Clarissa\Downloads\Maven\apache\lib\jansi-native -Dmaven.multiModuleProjectDirectory=C:\Users\Clarissa\OneDrive\¡rea de Trabalho\BANTADS\backend\bantads org.codehaus.plexus.classworlds.launcher.Launcher spring-boot:run -pl ms-composition

Host: 12th Gen Intel(R) Core(TM) i5-1235U, 12 cores, 7G,  Windows 11 , 64 bit Build 26100 (10.0.26100.8328)
Time: Thu May 21 21:00:49 2026 Hora oficial do Brasil elapsed time: 4.164292 seconds (0d 0h 0m 4s)

---------------  T H R E A D  ---------------

Current thread (0x000001a8fa6e0dc0):  JavaThread "C1 CompilerThread0" daemon [_thread_in_native, id=32596, stack(0x00000052c2a00000,0x00000052c2b00000) (1024K)]


Current CompileTask:
C1:4164    3       3       java.lang.String::charAt (25 bytes)

Stack: [0x00000052c2a00000,0x00000052c2b00000]
Native frames: (J=compiled Java code, j=interpreted, Vv=VM code, C=native code)
